2022.07.27 11:08:56 INFO  tracing is disabled for protocol LSP, to enable tracing of incoming and outgoing JSON messages create an empty file at c:\Users\PAVEL\hello-world\.metals\lsp.trace.json or C:\Users\PAVEL\AppData\Local\scalameta\metals\cache\lsp.trace.json
2022.07.27 11:08:56 INFO  logging to file C:\Users\PAVEL\hello-world\.metals\metals.log
2022.07.27 11:08:56 INFO  Started: Metals version 0.11.7 in workspace 'C:\Users\PAVEL\hello-world' for client Visual Studio Code 1.69.2.
2022.07.27 11:08:57 INFO  time: initialize in 0.49s
2022.07.27 11:08:57 WARN  Flyway upgrade recommended: H2 2.1.214 is newer than this version of Flyway and support has not been tested. The latest supported version of H2 is 2.1.210.
2022.07.27 11:08:57 WARN  Build server is not auto-connectable.
2022.07.27 11:08:59 WARN  no build target for: C:\Users\PAVEL\hello-world\src\main\scala\Main.scala
2022.07.27 11:09:01 INFO  no build target found for C:\Users\PAVEL\hello-world\src\main\scala\Main.scala. Using presentation compiler with project's scala-library version: 3.1.3
2022.07.27 11:09:02 INFO  time: code lens generation in 2.74s
2022.07.27 11:14:17 WARN  no build target for: C:\Users\PAVEL\hello-world\src\main\scala\ValuesVariableTypes.scala
2022.07.27 11:15:26 WARN  no build target for: C:\Users\PAVEL\hello-world\src\main\scala\ValuesVariableTypes.scala
2022.07.27 11:22:11 WARN  no build target for: C:\Users\PAVEL\hello-world\src\main\scala\ValuesVariableTypes.scala
2022.07.27 11:27:58 WARN  no build target for: C:\Users\PAVEL\hello-world\src\main\scala\ValuesVariableTypes.scala
2022.07.27 11:28:12 WARN  no build target for: C:\Users\PAVEL\hello-world\src\main\scala\ValuesVariableTypes.scala
2022.07.27 11:28:13 WARN  no build target for: C:\Users\PAVEL\hello-world\src\main\scala\Main.scala
2022.07.27 11:28:20 WARN  no build target for: C:\Users\PAVEL\hello-world\src\main\scala\Main.scala
2022.07.27 11:30:53 WARN  no build target for: C:\Users\PAVEL\hello-world\src\main\scala\Main.scala
2022.07.27 11:36:13 WARN  no build target for: C:\Users\PAVEL\hello-world\src\main\scala\ValuesVariableTypes.scala
2022.07.27 11:38:02 WARN  no build target for: C:\Users\PAVEL\hello-world\src\main\scala\ValuesVariableTypes.scala
2022.07.27 12:24:40 WARN  no build target for: C:\Users\PAVEL\hello-world\src\main\scala\Expressions.scala
2022.07.27 12:25:14 WARN  no build target for: C:\Users\PAVEL\hello-world\src\main\scala\Expressions.scala
2022.07.27 12:25:52 WARN  no build target for: C:\Users\PAVEL\hello-world\src\main\scala\Expressions.scala
2022.07.27 12:25:56 WARN  no build target for: C:\Users\PAVEL\hello-world\src\main\scala\Expressions.scala
2022.07.27 12:27:08 WARN  no build target for: C:\Users\PAVEL\hello-world\src\main\scala\ValuesVariableTypes.scala
2022.07.27 12:27:16 WARN  no build target for: C:\Users\PAVEL\hello-world\src\main\scala\ValuesVariableTypes.scala
2022.07.27 12:27:31 WARN  no build target for: C:\Users\PAVEL\hello-world\src\main\scala\ValuesVariableTypes.scala
2022.07.27 12:27:36 WARN  no build target for: C:\Users\PAVEL\hello-world\src\main\scala\ValuesVariableTypes.scala
2022.07.27 12:27:45 WARN  no build target for: C:\Users\PAVEL\hello-world\src\main\scala\ValuesVariableTypes.scala
2022.07.27 12:27:52 WARN  no build target for: C:\Users\PAVEL\hello-world\src\main\scala\Expressions.scala
2022.07.27 12:28:06 WARN  no build target for: C:\Users\PAVEL\hello-world\src\main\scala\Expressions.scala
2022.07.27 12:28:41 WARN  no build target for: C:\Users\PAVEL\hello-world\src\main\scala\Expressions.scala
2022.07.27 12:28:53 WARN  no build target for: C:\Users\PAVEL\hello-world\src\main\scala\ValuesVariableTypes.scala
2022.07.27 12:30:37 WARN  no build target for: C:\Users\PAVEL\hello-world\src\main\scala\Expressions.scala
2022.07.27 12:30:45 WARN  no build target for: C:\Users\PAVEL\hello-world\src\main\scala\Expressions.scala
2022.07.27 12:30:54 WARN  no build target for: C:\Users\PAVEL\hello-world\src\main\scala\Expressions.scala
2022.07.27 12:31:23 WARN  no build target for: C:\Users\PAVEL\hello-world\src\main\scala\Expressions.scala
2022.07.27 12:31:36 WARN  no build target for: C:\Users\PAVEL\hello-world\src\main\scala\Expressions.scala
2022.07.27 12:31:46 WARN  no build target for: C:\Users\PAVEL\hello-world\src\main\scala\Expressions.scala
2022.07.27 12:31:55 WARN  no build target for: C:\Users\PAVEL\hello-world\src\main\scala\Expressions.scala
2022.07.27 12:32:06 WARN  no build target for: C:\Users\PAVEL\hello-world\src\main\scala\Expressions.scala
2022.07.27 12:32:56 WARN  no build target for: C:\Users\PAVEL\hello-world\src\main\scala\Expressions.scala
2022.07.27 12:37:10 WARN  no build target for: C:\Users\PAVEL\hello-world\src\main\scala\Expressions.scala
2022.07.27 12:37:39 WARN  no build target for: C:\Users\PAVEL\hello-world\src\main\scala\Expressions.scala
2022.07.27 12:37:59 WARN  no build target for: C:\Users\PAVEL\hello-world\src\main\scala\Expressions.scala
2022.07.27 12:38:05 WARN  no build target for: C:\Users\PAVEL\hello-world\src\main\scala\Expressions.scala
2022.07.27 12:47:23 WARN  no build target for: C:\Users\PAVEL\hello-world\src\main\scala\Expressions.scala
2022.07.27 12:50:20 WARN  no build target for: C:\Users\PAVEL\hello-world\src\main\scala\Functions.scala
2022.07.27 12:50:30 WARN  no build target for: C:\Users\PAVEL\hello-world\src\main\scala\Functions.scala
2022.07.27 12:50:40 WARN  no build target for: C:\Users\PAVEL\hello-world\src\main\scala\Functions.scala
2022.07.27 12:52:23 WARN  no build target for: C:\Users\PAVEL\hello-world\src\main\scala\Functions.scala
2022.07.27 12:52:33 WARN  no build target for: C:\Users\PAVEL\hello-world\src\main\scala\Functions.scala
2022.07.27 12:54:07 WARN  no build target for: C:\Users\PAVEL\hello-world\src\main\scala\Functions.scala
2022.07.29 17:49:52 INFO  tracing is disabled for protocol LSP, to enable tracing of incoming and outgoing JSON messages create an empty file at c:\Users\PAVEL\hello-world\.metals\lsp.trace.json or C:\Users\PAVEL\AppData\Local\scalameta\metals\cache\lsp.trace.json
2022.07.29 17:49:53 INFO  logging to file C:\Users\PAVEL\hello-world\.metals\metals.log
2022.07.29 17:49:53 INFO  Started: Metals version 0.11.7 in workspace 'C:\Users\PAVEL\hello-world' for client Visual Studio Code 1.69.2.
2022.07.29 17:49:54 INFO  time: initialize in 0.61s
2022.07.29 17:49:57 WARN  Flyway upgrade recommended: H2 2.1.214 is newer than this version of Flyway and support has not been tested. The latest supported version of H2 is 2.1.210.
2022.07.29 17:49:57 WARN  Build server is not auto-connectable.
2022.07.29 17:49:58 INFO  skipping build import with status 'Requested'
2022.07.29 17:49:59 WARN  no build target for: C:\Users\PAVEL\hello-world\src\main\scala\Functions.scala
èvc 29, 2022 5:49:59 ODP. org.eclipse.lsp4j.jsonrpc.RemoteEndpoint handleCancellation
WARNING: Unmatched cancel notification for request id 1
2022.07.29 17:50:00 INFO  no build target found for C:\Users\PAVEL\hello-world\src\main\scala\Functions.scala. Using presentation compiler with project's scala-library version: 3.1.3
2022.07.29 17:50:01 INFO  time: code lens generation in 2.15s
2022.07.29 17:50:01 INFO  time: code lens generation in 2.14s
2022.07.29 17:51:49 WARN  no build target for: C:\Users\PAVEL\hello-world\src\main\scala\Functions.scala
2022.07.29 17:52:45 WARN  no build target for: C:\Users\PAVEL\hello-world\src\main\scala\Functions.scala
2022.07.29 17:54:29 WARN  no build target for: C:\Users\PAVEL\hello-world\src\main\scala\Functions.scala
2022.07.29 17:54:44 WARN  no build target for: C:\Users\PAVEL\hello-world\src\main\scala\Functions.scala
2022.07.29 17:57:53 WARN  no build target for: C:\Users\PAVEL\hello-world\src\main\scala\Functions.scala
2022.07.29 17:58:05 WARN  no build target for: C:\Users\PAVEL\hello-world\src\main\scala\Functions.scala
2022.07.29 17:58:16 WARN  no build target for: C:\Users\PAVEL\hello-world\src\main\scala\Functions.scala
èvc 29, 2022 5:59:14 ODP. org.eclipse.lsp4j.jsonrpc.services.GenericEndpoint notify
INFO: Unsupported notification method: $/setTrace
2022.07.29 17:59:17 WARN  no build target for: C:\Users\PAVEL\hello-world\src\main\scala\Expressions.scala
